app/build/intermediates/manifest_merge_blame_file/release/processReleaseMainManifest/manifest-merger-blame-release-report.txt
1<?xml version="1.0" encoding="utf-8"?>
2<manifest xmlns:android="http://schemas.android.com/apk/res/android"
3    package="com.example.minutanutricional"
4    android:versionCode="1"
5    android:versionName="1.0" >
6
7    <uses-sdk
8        android:minSdkVersion="24"
9        android:targetSdkVersion="34" />
10
11    <uses-permission android:name="android.permission.INTERNET" />
11-->src\main\AndroidManifest.xml:4:5-67
11-->src\main\AndroidManifest.xml:4:22-64
12    <uses-permission android:name="android.permission.ACCESS_FINE_LOCATION" />
12-->src\main\AndroidManifest.xml:5:5-78
12-->src\main\AndroidManifest.xml:5:22-76
13    <uses-permission android:name="android.permission.ACCESS_COARSE_LOCATION" />
13-->src\main\AndroidManifest.xml:6:5-80
13-->src\main\AndroidManifest.xml:6:22-78
14
15    <!-- Although the *SdkVersion is captured in gradle build files, this is required for non gradle builds -->
16    <!-- <uses-sdk android:minSdkVersion="21"/> -->
17    <uses-permission android:name="android.permission.ACCESS_NETWORK_STATE" />
17-->[com.google.firebase:firebase-database:21.0.0] AndroidManifest.xml:22:5-79
17-->[com.google.firebase:firebase-database:21.0.0] AndroidManifest.xml:22:22-76
18    <uses-permission android:name="com.google.android.providers.gsf.permission.READ_GSERVICES" />
18-->[com.google.android.recaptcha:recaptcha:18.4.0] AndroidManifest.xml:9:5-98
18-->[com.google.android.recaptcha:recaptcha:18.4.0] AndroidManifest.xml:9:22-95
19
20    <permission
20-->[androidx.core:core:1.13.1] AndroidManifest.xml:22:5-24:47
21        android:name="com.example.minutanutricional.DYNAMIC_RECEIVER_NOT_EXPORTED_PERMISSION"
21-->[androidx.core:core:1.13.1] AndroidManifest.xml:23:9-81
22        android:protectionLevel="signature" />
22-->[androidx.core:core:1.13.1] AndroidManifest.xml:24:9-44
23
24    <uses-permission android:name="com.example.minutanutricional.DYNAMIC_RECEIVER_NOT_EXPORTED_PERMISSION" />
24-->[androidx.core:core:1.13.1] AndroidManifest.xml:26:5-97
24-->[androidx.core:core:1.13.1] AndroidManifest.xml:26:22-94
25
26    <application
26-->src\main\AndroidManifest.xml:8:5-27:19
27        android:allowBackup="true"
27-->src\main\AndroidManifest.xml:9:9-35
28        android:appComponentFactory="androidx.core.app.CoreComponentFactory"
28-->[androidx.core:core:1.13.1] AndroidManifest.xml:28:18-86
29        android:extractNativeLibs="false"
30        android:icon="@mipmap/ic_launcher"
30-->src\main\AndroidManifest.xml:10:9-43
31        android:label="@string/app_name"
31-->src\main\AndroidManifest.xml:11:9-41
32        android:roundIcon="@mipmap/ic_launcher_round"
32-->src\main\AndroidManifest.xml:12:9-54
33        android:supportsRtl="true"
33-->src\main\AndroidManifest.xml:13:9-35
34        android:theme="@style/Theme.MinutaNutricional" >
34-->src\main\AndroidManifest.xml:14:9-55
35        <activity
35-->src\main\AndroidManifest.xml:16:9-23:20
36            android:name="com.example.minutanutricional.MainActivity"
36-->src\main\AndroidManifest.xml:17:13-41
37            android:exported="true" >
37-->src\main\AndroidManifest.xml:18:13-36
38            <intent-filter>
38-->src\main\AndroidManifest.xml:19:13-22:29
39                <action android:name="android.intent.action.MAIN" />
39-->src\main\AndroidManifest.xml:20:17-69
39-->src\main\AndroidManifest.xml:20:25-66
40
41                <category android:name="android.intent.category.LAUNCHER" />
41-->src\main\AndroidManifest.xml:21:17-77
41-->src\main\AndroidManifest.xml:21:27-74
42            </intent-filter>
43        </activity>
44        <activity
44-->src\main\AndroidManifest.xml:24:9-26:40
45            android:name="com.example.minutanutricional.ui.BuscarDispositivoActivity"
45-->src\main\AndroidManifest.xml:25:13-57
46            android:exported="false" />
46-->src\main\AndroidManifest.xml:26:13-37
47
48        <service
48-->[com.google.firebase:firebase-database-ktx:21.0.0] AndroidManifest.xml:9:9-15:19
49            android:name="com.google.firebase.components.ComponentDiscoveryService"
49-->[com.google.firebase:firebase-database-ktx:21.0.0] AndroidManifest.xml:10:13-84
50            android:directBootAware="true"
50-->[com.google.firebase:firebase-common:21.0.0] AndroidManifest.xml:32:13-43
51            android:exported="false" >
51-->[com.google.firebase:firebase-database-ktx:21.0.0] AndroidManifest.xml:11:13-37
52            <meta-data
52-->[com.google.firebase:firebase-database-ktx:21.0.0] AndroidManifest.xml:12:13-14:85
53                android:name="com.google.firebase.components:com.google.firebase.database.ktx.FirebaseDatabaseLegacyRegistrar"
53-->[com.google.firebase:firebase-database-ktx:21.0.0] AndroidManifest.xml:13:17-127
54                android:value="com.google.firebase.components.ComponentRegistrar" />
54-->[com.google.firebase:firebase-database-ktx:21.0.0] AndroidManifest.xml:14:17-82
55            <meta-data
55-->[com.google.firebase:firebase-database:21.0.0] AndroidManifest.xml:29:13-31:85
56                android:name="com.google.firebase.components:com.google.firebase.database.FirebaseDatabaseKtxRegistrar"
56-->[com.google.firebase:firebase-database:21.0.0] AndroidManifest.xml:30:17-120
57                android:value="com.google.firebase.components.ComponentRegistrar" />
57-->[com.google.firebase:firebase-database:21.0.0] AndroidManifest.xml:31:17-82
58            <meta-data
58-->[com.google.firebase:firebase-database:21.0.0] AndroidManifest.xml:32:13-34:85
59                android:name="com.google.firebase.components:com.google.firebase.database.DatabaseRegistrar"
59-->[com.google.firebase:firebase-database:21.0.0] AndroidManifest.xml:33:17-109
60                android:value="com.google.firebase.components.ComponentRegistrar" />
60-->[com.google.firebase:firebase-database:21.0.0] AndroidManifest.xml:34:17-82
61            <meta-data
61-->[com.google.firebase:firebase-firestore-ktx:25.0.0] AndroidManifest.xml:12:13-14:85
62                android:name="com.google.firebase.components:com.google.firebase.firestore.ktx.FirebaseFirestoreLegacyRegistrar"
62-->[com.google.firebase:firebase-firestore-ktx:25.0.0] AndroidManifest.xml:13:17-129
63                android:value="com.google.firebase.components.ComponentRegistrar" />
63-->[com.google.firebase:firebase-firestore-ktx:25.0.0] AndroidManifest.xml:14:17-82
64            <meta-data
64-->[com.google.firebase:firebase-firestore:25.0.0] AndroidManifest.xml:17:13-19:85
65                android:name="com.google.firebase.components:com.google.firebase.firestore.FirebaseFirestoreKtxRegistrar"
65-->[com.google.firebase:firebase-firestore:25.0.0] AndroidManifest.xml:18:17-122
66                android:value="com.google.firebase.components.ComponentRegistrar" />
66-->[com.google.firebase:firebase-firestore:25.0.0] AndroidManifest.xml:19:17-82
67            <meta-data
67-->[com.google.firebase:firebase-firestore:25.0.0] AndroidManifest.xml:20:13-22:85
68                android:name="com.google.firebase.components:com.google.firebase.firestore.FirestoreRegistrar"
68-->[com.google.firebase:firebase-firestore:25.0.0] AndroidManifest.xml:21:17-111
69                android:value="com.google.firebase.components.ComponentRegistrar" />
69-->[com.google.firebase:firebase-firestore:25.0.0] AndroidManifest.xml:22:17-82
70            <meta-data
70-->[com.google.firebase:firebase-auth-ktx:23.0.0] AndroidManifest.xml:11:13-13:85
71                android:name="com.google.firebase.components:com.google.firebase.auth.ktx.FirebaseAuthLegacyRegistrar"
71-->[com.google.firebase:firebase-auth-ktx:23.0.0] AndroidManifest.xml:12:17-119
72                android:value="com.google.firebase.components.ComponentRegistrar" />
72-->[com.google.firebase:firebase-auth-ktx:23.0.0] AndroidManifest.xml:13:17-82
73            <meta-data
73-->[com.google.firebase:firebase-auth:23.0.0] AndroidManifest.xml:69:13-71:85
74                android:name="com.google.firebase.components:com.google.firebase.auth.FirebaseAuthRegistrar"
74-->[com.google.firebase:firebase-auth:23.0.0] AndroidManifest.xml:70:17-109
75                android:value="com.google.firebase.components.ComponentRegistrar" />
75-->[com.google.firebase:firebase-auth:23.0.0] AndroidManifest.xml:71:17-82
76            <meta-data
76-->[com.google.firebase:firebase-common-ktx:21.0.0] AndroidManifest.xml:12:13-14:85
77                android:name="com.google.firebase.components:com.google.firebase.ktx.FirebaseCommonLegacyRegistrar"
77-->[com.google.firebase:firebase-common-ktx:21.0.0] AndroidManifest.xml:13:17-116
78                android:value="com.google.firebase.components.ComponentRegistrar" />
78-->[com.google.firebase:firebase-common-ktx:21.0.0] AndroidManifest.xml:14:17-82
79            <meta-data
79-->[com.google.firebase:firebase-common:21.0.0] AndroidManifest.xml:35:13-37:85
80                android:name="com.google.firebase.components:com.google.firebase.FirebaseCommonKtxRegistrar"
80-->[com.google.firebase:firebase-common:21.0.0] AndroidManifest.xml:36:17-109
81                android:value="com.google.firebase.components.ComponentRegistrar" />
81-->[com.google.firebase:firebase-common:21.0.0] AndroidManifest.xml:37:17-82
82        </service>
83
84        <activity
84-->[com.google.firebase:firebase-auth:23.0.0] AndroidManifest.xml:29:9-46:20
85            android:name="com.google.firebase.auth.internal.GenericIdpActivity"
85-->[com.google.firebase:firebase-auth:23.0.0] AndroidManifest.xml:30:13-80
86            android:excludeFromRecents="true"
86-->[com.google.firebase:firebase-auth:23.0.0] AndroidManifest.xml:31:13-46
87            android:exported="true"
87-->[com.google.firebase:firebase-auth:23.0.0] AndroidManifest.xml:32:13-36
88            android:launchMode="singleTask"
88-->[com.google.firebase:firebase-auth:23.0.0] AndroidManifest.xml:33:13-44
89            android:theme="@android:style/Theme.Translucent.NoTitleBar" >
89-->[com.google.firebase:firebase-auth:23.0.0] AndroidManifest.xml:34:13-72
90            <intent-filter>
90-->[com.google.firebase:firebase-auth:23.0.0] AndroidManifest.xml:35:13-45:29
91                <action android:name="android.intent.action.VIEW" />
91-->[com.google.firebase:firebase-auth:23.0.0] AndroidManifest.xml:36:17-69
91-->[com.google.firebase:firebase-auth:23.0.0] AndroidManifest.xml:36:25-66
92
93                <category android:name="android.intent.category.DEFAULT" />
93-->[com.google.firebase:firebase-auth:23.0.0] AndroidManifest.xml:38:17-76
93-->[com.google.firebase:firebase-auth:23.0.0] AndroidManifest.xml:38:27-73
94                <category android:name="android.intent.category.BROWSABLE" />
94-->[com.google.firebase:firebase-auth:23.0.0] AndroidManifest.xml:39:17-78
94-->[com.google.firebase:firebase-auth:23.0.0] AndroidManifest.xml:39:27-75
95
96                <data
96-->[com.google.firebase:firebase-auth:23.0.0] AndroidManifest.xml:41:17-44:51
97                    android:host="firebase.auth"
97-->[com.google.firebase:firebase-auth:23.0.0] AndroidManifest.xml:42:21-49
98                    android:path="/"
98-->[com.google.firebase:firebase-auth:23.0.0] AndroidManifest.xml:43:21-37
99                    android:scheme="genericidp" />
99-->[com.google.firebase:firebase-auth:23.0.0] AndroidManifest.xml:44:21-48
100            </intent-filter>
101        </activity>
102        <activity
102-->[com.google.firebase:firebase-auth:23.0.0] AndroidManifest.xml:47:9-64:20
103            android:name="com.google.firebase.auth.internal.RecaptchaActivity"
103-->[com.google.firebase:firebase-auth:23.0.0] AndroidManifest.xml:48:13-79
104            android:excludeFromRecents="true"
104-->[com.google.firebase:firebase-auth:23.0.0] AndroidManifest.xml:49:13-46
105            android:exported="true"
105-->[com.google.firebase:firebase-auth:23.0.0] AndroidManifest.xml:50:13-36
106            android:launchMode="singleTask"
106-->[com.google.firebase:firebase-auth:23.0.0] AndroidManifest.xml:51:13-44
107            android:theme="@android:style/Theme.Translucent.NoTitleBar" >
107-->[com.google.firebase:firebase-auth:23.0.0] AndroidManifest.xml:52:13-72
108            <intent-filter>
108-->[com.google.firebase:firebase-auth:23.0.0] AndroidManifest.xml:53:13-63:29
109                <action android:name="android.intent.action.VIEW" />
109-->[com.google.firebase:firebase-auth:23.0.0] AndroidManifest.xml:36:17-69
109-->[com.google.firebase:firebase-auth:23.0.0] AndroidManifest.xml:36:25-66
110
111                <category android:name="android.intent.category.DEFAULT" />
111-->[com.google.firebase:firebase-auth:23.0.0] AndroidManifest.xml:38:17-76
111-->[com.google.firebase:firebase-auth:23.0.0] AndroidManifest.xml:38:27-73
112                <category android:name="android.intent.category.BROWSABLE" />
112-->[com.google.firebase:firebase-auth:23.0.0] AndroidManifest.xml:39:17-78
112-->[com.google.firebase:firebase-auth:23.0.0] AndroidManifest.xml:39:27-75
113
114                <data
114-->[com.google.firebase:firebase-auth:23.0.0] AndroidManifest.xml:41:17-44:51
115                    android:host="firebase.auth"
115-->[com.google.firebase:firebase-auth:23.0.0] AndroidManifest.xml:42:21-49
116                    android:path="/"
116-->[com.google.firebase:firebase-auth:23.0.0] AndroidManifest.xml:43:21-37
117                    android:scheme="recaptcha" />
117-->[com.google.firebase:firebase-auth:23.0.0] AndroidManifest.xml:44:21-48
118            </intent-filter>
119        </activity>
120
121        <service
121-->[androidx.credentials:credentials-play-services-auth:1.2.0-rc01] AndroidManifest.xml:24:9-32:19
122            android:name="androidx.credentials.playservices.CredentialProviderMetadataHolder"
122-->[androidx.credentials:credentials-play-services-auth:1.2.0-rc01] AndroidManifest.xml:25:13-94
123            android:enabled="true"
123-->[androidx.credentials:credentials-play-services-auth:1.2.0-rc01] AndroidManifest.xml:26:13-35
124            android:exported="false" >
124-->[androidx.credentials:credentials-play-services-auth:1.2.0-rc01] AndroidManifest.xml:27:13-37
125            <meta-data
125-->[androidx.credentials:credentials-play-services-auth:1.2.0-rc01] AndroidManifest.xml:29:13-31:104
126                android:name="androidx.credentials.CREDENTIAL_PROVIDER_KEY"
126-->[androidx.credentials:credentials-play-services-auth:1.2.0-rc01] AndroidManifest.xml:30:17-76
127                android:value="androidx.credentials.playservices.CredentialProviderPlayServicesImpl" />
127-->[androidx.credentials:credentials-play-services-auth:1.2.0-rc01] AndroidManifest.xml:31:17-101
128        </service>
129
130        <activity
130-->[androidx.credentials:credentials-play-services-auth:1.2.0-rc01] AndroidManifest.xml:34:9-41:20
131            android:name="androidx.credentials.playservices.HiddenActivity"
131-->[androidx.credentials:credentials-play-services-auth:1.2.0-rc01] AndroidManifest.xml:35:13-76
132            android:configChanges="orientation|screenSize|screenLayout|keyboardHidden"
132-->[androidx.credentials:credentials-play-services-auth:1.2.0-rc01] AndroidManifest.xml:36:13-87
133            android:enabled="true"
133-->[androidx.credentials:credentials-play-services-auth:1.2.0-rc01] AndroidManifest.xml:37:13-35
134            android:exported="false"
134-->[androidx.credentials:credentials-play-services-auth:1.2.0-rc01] AndroidManifest.xml:38:13-37
135            android:fitsSystemWindows="true"
135-->[androidx.credentials:credentials-play-services-auth:1.2.0-rc01] AndroidManifest.xml:39:13-45
136            android:theme="@style/Theme.Hidden" >
136-->[androidx.credentials:credentials-play-services-auth:1.2.0-rc01] AndroidManifest.xml:40:13-48
137        </activity>
138        <activity
138-->[com.google.android.gms:play-services-auth:20.7.0] AndroidManifest.xml:23:9-27:75
139            android:name="com.google.android.gms.auth.api.signin.internal.SignInHubActivity"
139-->[com.google.android.gms:play-services-auth:20.7.0] AndroidManifest.xml:24:13-93
140            android:excludeFromRecents="true"
140-->[com.google.android.gms:play-services-auth:20.7.0] AndroidManifest.xml:25:13-46
141            android:exported="false"
141-->[com.google.android.gms:play-services-auth:20.7.0] AndroidManifest.xml:26:13-37
142            android:theme="@android:style/Theme.Translucent.NoTitleBar" />
142-->[com.google.android.gms:play-services-auth:20.7.0] AndroidManifest.xml:27:13-72
143        <!--
144            Service handling Google Sign-In user revocation. For apps that do not integrate with
145            Google Sign-In, this service will never be started.
146        -->
147        <service
147-->[com.google.android.gms:play-services-auth:20.7.0] AndroidManifest.xml:33:9-37:51
148            android:name="com.google.android.gms.auth.api.signin.RevocationBoundService"
148-->[com.google.android.gms:play-services-auth:20.7.0] AndroidManifest.xml:34:13-89
149            android:exported="true"
149-->[com.google.android.gms:play-services-auth:20.7.0] AndroidManifest.xml:35:13-36
150            android:permission="com.google.android.gms.auth.api.signin.permission.REVOCATION_NOTIFICATION"
150-->[com.google.android.gms:play-services-auth:20.7.0] AndroidManifest.xml:36:13-107
151            android:visibleToInstantApps="true" />
151-->[com.google.android.gms:play-services-auth:20.7.0] AndroidManifest.xml:37:13-48
152
153        <activity
153-->[com.google.android.gms:play-services-base:18.1.0] AndroidManifest.xml:20:9-22:45
154            android:name="com.google.android.gms.common.api.GoogleApiActivity"
154-->[com.google.android.gms:play-services-base:18.1.0] AndroidManifest.xml:20:19-85
155            android:exported="false"
155-->[com.google.android.gms:play-services-base:18.1.0] AndroidManifest.xml:22:19-43
156            android:theme="@android:style/Theme.Translucent.NoTitleBar" />
156-->[com.google.android.gms:play-services-base:18.1.0] AndroidManifest.xml:21:19-78
157
158        <provider
158-->[com.google.firebase:firebase-common:21.0.0] AndroidManifest.xml:23:9-28:39
159            android:name="com.google.firebase.provider.FirebaseInitProvider"
159-->[com.google.firebase:firebase-common:21.0.0] AndroidManifest.xml:24:13-77
160            android:authorities="com.example.minutanutricional.firebaseinitprovider"
160-->[com.google.firebase:firebase-common:21.0.0] AndroidManifest.xml:25:13-72
161            android:directBootAware="true"
161-->[com.google.firebase:firebase-common:21.0.0] AndroidManifest.xml:26:13-43
162            android:exported="false"
162-->[com.google.firebase:firebase-common:21.0.0] AndroidManifest.xml:27:13-37
163            android:initOrder="100" />
163-->[com.google.firebase:firebase-common:21.0.0] AndroidManifest.xml:28:13-36
164        <provider
164-->[androidx.emoji2:emoji2:1.3.0] AndroidManifest.xml:24:9-32:20
165            android:name="androidx.startup.InitializationProvider"
165-->[androidx.emoji2:emoji2:1.3.0] AndroidManifest.xml:25:13-67
166            android:authorities="com.example.minutanutricional.androidx-startup"
166-->[androidx.emoji2:emoji2:1.3.0] AndroidManifest.xml:26:13-68
167            android:exported="false" >
167-->[androidx.emoji2:emoji2:1.3.0] AndroidManifest.xml:27:13-37
168            <meta-data
168-->[androidx.emoji2:emoji2:1.3.0] AndroidManifest.xml:29:13-31:52
169                android:name="androidx.emoji2.text.EmojiCompatInitializer"
169-->[androidx.emoji2:emoji2:1.3.0] AndroidManifest.xml:30:17-75
170                android:value="androidx.startup" />
170-->[androidx.emoji2:emoji2:1.3.0] AndroidManifest.xml:31:17-49
171            <meta-data
171-->[androidx.lifecycle:lifecycle-process:2.8.4] AndroidManifest.xml:29:13-31:52
172                android:name="androidx.lifecycle.ProcessLifecycleInitializer"
172-->[androidx.lifecycle:lifecycle-process:2.8.4] AndroidManifest.xml:30:17-78
173                android:value="androidx.startup" />
173-->[androidx.lifecycle:lifecycle-process:2.8.4] AndroidManifest.xml:31:17-49
174            <meta-data
174-->[androidx.profileinstaller:profileinstaller:1.4.0] AndroidManifest.xml:29:13-31:52
175                android:name="androidx.profileinstaller.ProfileInstallerInitializer"
175-->[androidx.profileinstaller:profileinstaller:1.4.0] AndroidManifest.xml:30:17-85
176                android:value="androidx.startup" />
176-->[androidx.profileinstaller:profileinstaller:1.4.0] AndroidManifest.xml:31:17-49
177        </provider>
178
179        <uses-library
179-->[androidx.window:window:1.0.0] AndroidManifest.xml:25:9-27:40
180            android:name="androidx.window.extensions"
180-->[androidx.window:window:1.0.0] AndroidManifest.xml:26:13-54
181            android:required="false" />
181-->[androidx.window:window:1.0.0] AndroidManifest.xml:27:13-37
182        <uses-library
182-->[androidx.window:window:1.0.0] AndroidManifest.xml:28:9-30:40
183            android:name="androidx.window.sidecar"
183-->[androidx.window:window:1.0.0] AndroidManifest.xml:29:13-51
184            android:required="false" />
184-->[androidx.window:window:1.0.0] AndroidManifest.xml:30:13-37
185
186        <meta-data
186-->[com.google.android.gms:play-services-basement:18.3.0] AndroidManifest.xml:21:9-23:69
187            android:name="com.google.android.gms.version"
187-->[com.google.android.gms:play-services-basement:18.3.0] AndroidManifest.xml:22:13-58
188            android:value="@integer/google_play_services_version" />
188-->[com.google.android.gms:play-services-basement:18.3.0] AndroidManifest.xml:23:13-66
189
190        <receiver
190-->[androidx.profileinstaller:profileinstaller:1.4.0] AndroidManifest.xml:34:9-52:20
191            android:name="androidx.profileinstaller.ProfileInstallReceiver"
191-->[androidx.profileinstaller:profileinstaller:1.4.0] AndroidManifest.xml:35:13-76
192            android:directBootAware="false"
192-->[androidx.profileinstaller:profileinstaller:1.4.0] AndroidManifest.xml:36:13-44
193            android:enabled="true"
193-->[androidx.profileinstaller:profileinstaller:1.4.0] AndroidManifest.xml:37:13-35
194            android:exported="true"
194-->[androidx.profileinstaller:profileinstaller:1.4.0] AndroidManifest.xml:38:13-36
195            android:permission="android.permission.DUMP" >
195-->[androidx.profileinstaller:profileinstaller:1.4.0] AndroidManifest.xml:39:13-57
196            <intent-filter>
196-->[androidx.profileinstaller:profileinstaller:1.4.0] AndroidManifest.xml:40:13-42:29
197                <action android:name="androidx.profileinstaller.action.INSTALL_PROFILE" />
197-->[androidx.profileinstaller:profileinstaller:1.4.0] AndroidManifest.xml:41:17-91
197-->[androidx.profileinstaller:profileinstaller:1.4.0] AndroidManifest.xml:41:25-88
198            </intent-filter>
199            <intent-filter>
199-->[androidx.profileinstaller:profileinstaller:1.4.0] AndroidManifest.xml:43:13-45:29
200                <action android:name="androidx.profileinstaller.action.SKIP_FILE" />
200-->[androidx.profileinstaller:profileinstaller:1.4.0] AndroidManifest.xml:44:17-85
200-->[androidx.profileinstaller:profileinstaller:1.4.0] AndroidManifest.xml:44:25-82
201            </intent-filter>
202            <intent-filter>
202-->[androidx.profileinstaller:profileinstaller:1.4.0] AndroidManifest.xml:46:13-48:29
203                <action android:name="androidx.profileinstaller.action.SAVE_PROFILE" />
203-->[androidx.profileinstaller:profileinstaller:1.4.0] AndroidManifest.xml:47:17-88
203-->[androidx.profileinstaller:profileinstaller:1.4.0] AndroidManifest.xml:47:25-85
204            </intent-filter>
205            <intent-filter>
205-->[androidx.profileinstaller:profileinstaller:1.4.0] AndroidManifest.xml:49:13-51:29
206                <action android:name="androidx.profileinstaller.action.BENCHMARK_OPERATION" />
206-->[androidx.profileinstaller:profileinstaller:1.4.0] AndroidManifest.xml:50:17-95
206-->[androidx.profileinstaller:profileinstaller:1.4.0] AndroidManifest.xml:50:25-92
207            </intent-filter>
208        </receiver>
209    </application>
210
211</manifest>